<?xml version="1.0" encoding="UTF-8"?>
<!-- Generated by org.testng.reporters.JUnitReportReporter -->
<testsuite skipped="0" hostname="Clinical-PC" name="test.LoginTest" tests="1" failures="0" timestamp="2020-08-01T15:25:33 CDT" time="2.954" errors="0">
  <testcase name="longintest" time="2.954" classname="test.LoginTest"/>
  <system-out/>
</testsuite> <!-- test.LoginTest -->
