<?xml version="1.0" encoding="UTF-8"?>
<!-- Generated by org.testng.reporters.JUnitReportReporter -->
<testsuite skipped="0" hostname="Clinical-PC" name="Util.browser" tests="1" failures="0" timestamp="2020-07-31T15:47:13 CDT" time="5.842" errors="0">
  <testcase name="Launch" time="5.842" classname="Util.browser"/>
  <system-out/>
</testsuite> <!-- Util.browser -->
